0 info it worked if it ends with ok
1 verbose cli [ '/home/oluijks/.local/bin/node',
1 verbose cli   '/home/oluijks/.local/bin/npm',
1 verbose cli   'start' ]
2 info using npm@3.10.5
3 info using node@v6.3.0
4 verbose run-script [ 'prestart', 'start', 'poststart' ]
5 info lifecycle yotc@0.0.1-alpha~prestart: yotc@0.0.1-alpha
6 silly lifecycle yotc@0.0.1-alpha~prestart: no script for prestart, continuing
7 info lifecycle yotc@0.0.1-alpha~start: yotc@0.0.1-alpha
8 verbose lifecycle yotc@0.0.1-alpha~start: unsafe-perm in lifecycle true
9 verbose lifecycle yotc@0.0.1-alpha~start: PATH: /home/oluijks/.local/lib/node_modules/npm/bin/node-gyp-bin:/home/oluijks/Code/WebApps/yotc/node_modules/.bin:/home/oluijks/.local/bin:/home/oluijks/.composer/vendor/bin:/home/oluijks/.local/bin:/usr/local/sbin:/usr/local/bin:/usr/sbin:/usr/bin:/sbin:/bin:/usr/games:/usr/local/games
10 verbose lifecycle yotc@0.0.1-alpha~start: CWD: /home/oluijks/Code/WebApps/yotc
11 silly lifecycle yotc@0.0.1-alpha~start: Args: [ '-c', 'gulp serve-dev' ]
12 silly lifecycle yotc@0.0.1-alpha~start: Returned: code: 1  signal: null
13 info lifecycle yotc@0.0.1-alpha~start: Failed to exec start script
14 verbose stack Error: yotc@0.0.1-alpha start: `gulp serve-dev`
14 verbose stack Exit status 1
14 verbose stack     at EventEmitter.<anonymous> (/home/oluijks/.local/lib/node_modules/npm/lib/utils/lifecycle.js:242:16)
14 verbose stack     at emitTwo (events.js:106:13)
14 verbose stack     at EventEmitter.emit (events.js:191:7)
14 verbose stack     at ChildProcess.<anonymous> (/home/oluijks/.local/lib/node_modules/npm/lib/utils/spawn.js:40:14)
14 verbose stack     at emitTwo (events.js:106:13)
14 verbose stack     at ChildProcess.emit (events.js:191:7)
14 verbose stack     at maybeClose (internal/child_process.js:852:16)
14 verbose stack     at Process.ChildProcess._handle.onexit (internal/child_process.js:215:5)
15 verbose pkgid yotc@0.0.1-alpha
16 verbose cwd /home/oluijks/Code/WebApps/yotc
17 error Linux 4.4.0-34-generic
18 error argv "/home/oluijks/.local/bin/node" "/home/oluijks/.local/bin/npm" "start"
19 error node v6.3.0
20 error npm  v3.10.5
21 error code ELIFECYCLE
22 error yotc@0.0.1-alpha start: `gulp serve-dev`
22 error Exit status 1
23 error Failed at the yotc@0.0.1-alpha start script 'gulp serve-dev'.
23 error Make sure you have the latest version of node.js and npm installed.
23 error If you do, this is most likely a problem with the yotc package,
23 error not with npm itself.
23 error Tell the author that this fails on your system:
23 error     gulp serve-dev
23 error You can get information on how to open an issue for this project with:
23 error     npm bugs yotc
23 error Or if that isn't available, you can get their info via:
23 error     npm owner ls yotc
23 error There is likely additional logging output above.
24 verbose exit [ 1, true ]
